# JRE version: OpenJDK Runtime Environment (11.0.15) (build 11.0.15+0-b2043.56-8887301)
# Java VM: OpenJDK 64-Bit Server VM (11.0.15+0-b2043.56-8887301, mixed mode, tiered, compressed oops, g1 gc, windows-amd64)
Heap:
 garbage-first heap   total 262144K, used 171233K [0x0000000080000000, 0x0000000100000000)
  region size 1024K, 77 young (78848K), 14 survivors (14336K)
 Metaspace       used 106888K, capacity 110031K, committed 110236K, reserved 1144832K
  class space    used 13617K, capacity 14832K, committed 14872K, reserved 1048576K
GC Heap History (20 events):
Event: 5.163 GC heap before
{Heap before GC invocations=4 (full 0):
 garbage-first heap   total 262144K, used 99384K [0x0000000080000000, 0x0000000100000000)
  region size 1024K, 83 young (84992K), 3 survivors (3072K)
 Metaspace       used 35135K, capacity 36009K, committed 36048K, reserved 1081344K
  class space    used 4570K, capacity 4921K, committed 4940K, reserved 1048576K
}
Event: 5.171 GC heap after
{Heap after GC invocations=5 (full 0):
 garbage-first heap   total 262144K, used 21929K [0x0000000080000000, 0x0000000100000000)
  region size 1024K, 6 young (6144K), 6 survivors (6144K)
 Metaspace       used 35135K, capacity 36009K, committed 36048K, reserved 1081344K
  class space    used 4570K, capacity 4921K, committed 4940K, reserved 1048576K
}
Event: 7.016 GC heap before
{Heap before GC invocations=6 (full 0):
 garbage-first heap   total 262144K, used 135593K [0x0000000080000000, 0x0000000100000000)
  region size 1024K, 113 young (115712K), 6 survivors (6144K)
 Metaspace       used 45062K, capacity 46116K, committed 46236K, reserved 1089536K
  class space    used 5717K, capacity 6118K, committed 6168K, reserved 1048576K
}
Event: 7.035 GC heap after
{Heap after GC invocations=7 (full 0):
 garbage-first heap   total 262144K, used 29467K [0x0000000080000000, 0x0000000100000000)
  region size 1024K, 13 young (13312K), 13 survivors (13312K)
 Metaspace       used 45062K, capacity 46116K, committed 46236K, reserved 1089536K
  class space    used 5717K, capacity 6118K, committed 6168K, reserved 1048576K
}
Event: 8.540 GC heap before
{Heap before GC invocations=8 (full 0):
 garbage-first heap   total 262144K, used 169755K [0x0000000080000000, 0x0000000100000000)
  region size 1024K, 142 young (145408K), 13 survivors (13312K)
 Metaspace       used 51689K, capacity 52996K, committed 53148K, reserved 1095680K
  class space    used 6605K, capacity 7144K, committed 7192K, reserved 1048576K
}
Event: 8.551 GC heap after
{Heap after GC invocations=9 (full 0):
 garbage-first heap   total 262144K, used 46712K [0x0000000080000000, 0x0000000100000000)
  region size 1024K, 18 young (18432K), 18 survivors (18432K)
 Metaspace       used 51689K, capacity 52996K, committed 53148K, reserved 1095680K
  class space    used 6605K, capacity 7144K, committed 7192K, reserved 1048576K
}
Event: 10.956 GC heap before
{Heap before GC invocations=9 (full 0):
 garbage-first heap   total 262144K, used 192120K [0x0000000080000000, 0x0000000100000000)
  region size 1024K, 152 young (155648K), 18 survivors (18432K)
 Metaspace       used 66492K, capacity 68110K, committed 68380K, reserved 1107968K
  class space    used 8413K, capacity 9046K, committed 9112K, reserved 1048576K
}
Event: 10.969 GC heap after
{Heap after GC invocations=10 (full 0):
 garbage-first heap   total 262144K, used 55593K [0x0000000080000000, 0x0000000100000000)
  region size 1024K, 19 young (19456K), 19 survivors (19456K)
 Metaspace       used 66492K, capacity 68110K, committed 68380K, reserved 1107968K
  class space    used 8413K, capacity 9046K, committed 9112K, reserved 1048576K
}
Event: 12.866 GC heap before
{Heap before GC invocations=10 (full 0):
 garbage-first heap   total 262144K, used 181545K [0x0000000080000000, 0x0000000100000000)
  region size 1024K, 143 young (146432K), 19 survivors (19456K)
 Metaspace       used 75349K, capacity 77050K, committed 77212K, reserved 1116160K
  class space    used 9739K, capacity 10412K, committed 10520K, reserved 1048576K
}
Event: 12.901 GC heap after
{Heap after GC invocations=11 (full 0):
 garbage-first heap   total 262144K, used 63980K [0x0000000080000000, 0x0000000100000000)
  region size 1024K, 17 young (17408K), 17 survivors (17408K)
 Metaspace       used 75349K, capacity 77050K, committed 77212K, reserved 1116160K
  class space    used 9739K, capacity 10412K, committed 10520K, reserved 1048576K
}
Event: 14.976 GC heap before
{Heap before GC invocations=12 (full 0):
 garbage-first heap   total 262144K, used 195052K [0x0000000080000000, 0x0000000100000000)
  region size 1024K, 145 young (148480K), 17 survivors (17408K)
 Metaspace       used 85489K, capacity 87520K, committed 87708K, reserved 1124352K
  class space    used 11126K, capacity 11939K, committed 12056K, reserved 1048576K
}
Event: 14.989 GC heap after
{Heap after GC invocations=13 (full 0):
 garbage-first heap   total 262144K, used 74687K [0x0000000080000000, 0x0000000100000000)
  region size 1024K, 19 young (19456K), 19 survivors (19456K)
 Metaspace       used 85489K, capacity 87520K, committed 87708K, reserved 1124352K
  class space    used 11126K, capacity 11939K, committed 12056K, reserved 1048576K
}
Event: 16.417 GC heap before
{Heap before GC invocations=13 (full 0):
 garbage-first heap   total 262144K, used 199615K [0x0000000080000000, 0x0000000100000000)
  region size 1024K, 142 young (145408K), 19 survivors (19456K)
 Metaspace       used 89940K, capacity 92618K, committed 92828K, reserved 1130496K
  class space    used 11742K, capacity 12752K, committed 12824K, reserved 1048576K
}
Event: 16.434 GC heap after
{Heap after GC invocations=14 (full 0):
 garbage-first heap   total 262144K, used 88735K [0x0000000080000000, 0x0000000100000000)
  region size 1024K, 15 young (15360K), 15 survivors (15360K)
 Metaspace       used 89940K, capacity 92618K, committed 92828K, reserved 1130496K
  class space    used 11742K, capacity 12752K, committed 12824K, reserved 1048576K
}
Event: 17.488 GC heap before
{Heap before GC invocations=14 (full 0):
 garbage-first heap   total 262144K, used 201375K [0x0000000080000000, 0x0000000100000000)
  region size 1024K, 126 young (129024K), 15 survivors (15360K)
 Metaspace       used 92306K, capacity 95054K, committed 95260K, reserved 1132544K
  class space    used 12041K, capacity 13063K, committed 13208K, reserved 1048576K
}
Event: 17.500 GC heap after
{Heap after GC invocations=15 (full 0):
 garbage-first heap   total 262144K, used 96382K [0x0000000080000000, 0x0000000100000000)
  region size 1024K, 8 young (8192K), 8 survivors (8192K)
 Metaspace       used 92306K, capacity 95054K, committed 95260K, reserved 1132544K
  class space    used 12041K, capacity 13063K, committed 13208K, reserved 1048576K
}
Event: 18.512 GC heap before
{Heap before GC invocations=15 (full 0):
 garbage-first heap   total 262144K, used 204926K [0x0000000080000000, 0x0000000100000000)
  region size 1024K, 115 young (117760K), 8 survivors (8192K)
 Metaspace       used 97080K, capacity 99757K, committed 100124K, reserved 1136640K
  class space    used 12582K, capacity 13589K, committed 13720K, reserved 1048576K
}
Event: 18.520 GC heap after
{Heap after GC invocations=16 (full 0):
 garbage-first heap   total 262144K, used 101151K [0x0000000080000000, 0x0000000100000000)
  region size 1024K, 13 young (13312K), 13 survivors (13312K)
 Metaspace       used 97080K, capacity 99757K, committed 100124K, reserved 1136640K
  class space    used 12582K, capacity 13589K, committed 13720K, reserved 1048576K
}
Event: 174.105 GC heap before
{Heap before GC invocations=16 (full 0):
 garbage-first heap   total 262144K, used 236319K [0x0000000080000000, 0x0000000100000000)
  region size 1024K, 118 young (120832K), 13 survivors (13312K)
 Metaspace       used 104716K, capacity 107762K, committed 107932K, reserved 1142784K
  class space    used 13369K, capacity 14526K, committed 14616K, reserved 1048576K
}
Event: 174.116 GC heap after
{Heap after GC invocations=17 (full 0):
 garbage-first heap   total 262144K, used 108769K [0x0000000080000000, 0x0000000100000000)
  region size 1024K, 14 young (14336K), 14 survivors (14336K)
 Metaspace       used 104716K, capacity 107762K, committed 107932K, reserved 1142784K
  class space    used 13369K, capacity 14526K, committed 14616K, reserved 1048576K
}

