# JRE version: OpenJDK Runtime Environment (11.0.15) (build 11.0.15+0-b2043.56-8887301)
# Java VM: OpenJDK 64-Bit Server VM (11.0.15+0-b2043.56-8887301, mixed mode, tiered, compressed oops, g1 gc, windows-amd64)
Heap:
 garbage-first heap   total 262144K, used 133790K [0x0000000080000000, 0x0000000100000000)
  region size 1024K, 19 young (19456K), 8 survivors (8192K)
 Metaspace       used 137953K, capacity 141872K, committed 147772K, reserved 1175552K
  class space    used 17274K, capacity 18748K, committed 21144K, reserved 1048576K
GC Heap History (20 events):
Event: 1117.226 GC heap before
{Heap before GC invocations=29 (full 0):
 garbage-first heap   total 262144K, used 222016K [0x0000000080000000, 0x0000000100000000)
  region size 1024K, 85 young (87040K), 8 survivors (8192K)
 Metaspace       used 135939K, capacity 140188K, committed 145468K, reserved 1173504K
  class space    used 17411K, capacity 19032K, committed 21144K, reserved 1048576K
}
Event: 1117.235 GC heap after
{Heap after GC invocations=30 (full 0):
 garbage-first heap   total 262144K, used 139632K [0x0000000080000000, 0x0000000100000000)
  region size 1024K, 11 young (11264K), 11 survivors (11264K)
 Metaspace       used 135939K, capacity 140188K, committed 145468K, reserved 1173504K
  class space    used 17411K, capacity 19032K, committed 21144K, reserved 1048576K
}
Event: 1117.239 GC heap before
{Heap before GC invocations=30 (full 0):
 garbage-first heap   total 262144K, used 139632K [0x0000000080000000, 0x0000000100000000)
  region size 1024K, 12 young (12288K), 11 survivors (11264K)
 Metaspace       used 135939K, capacity 140188K, committed 145468K, reserved 1173504K
  class space    used 17411K, capacity 19032K, committed 21144K, reserved 1048576K
}
Event: 1117.250 GC heap after
{Heap after GC invocations=31 (full 0):
 garbage-first heap   total 262144K, used 130104K [0x0000000080000000, 0x0000000100000000)
  region size 1024K, 1 young (1024K), 1 survivors (1024K)
 Metaspace       used 135939K, capacity 140188K, committed 145468K, reserved 1173504K
  class space    used 17411K, capacity 19032K, committed 21144K, reserved 1048576K
}
Event: 1119.438 GC heap before
{Heap before GC invocations=31 (full 0):
 garbage-first heap   total 262144K, used 180280K [0x0000000080000000, 0x0000000100000000)
  region size 1024K, 52 young (53248K), 1 survivors (1024K)
 Metaspace       used 136450K, capacity 140762K, committed 145980K, reserved 1175552K
  class space    used 17429K, capacity 19065K, committed 21144K, reserved 1048576K
}
Event: 1119.442 GC heap after
{Heap after GC invocations=32 (full 0):
 garbage-first heap   total 262144K, used 131853K [0x0000000080000000, 0x0000000100000000)
  region size 1024K, 3 young (3072K), 3 survivors (3072K)
 Metaspace       used 136450K, capacity 140762K, committed 145980K, reserved 1175552K
  class space    used 17429K, capacity 19065K, committed 21144K, reserved 1048576K
}
Event: 3149.060 GC heap before
{Heap before GC invocations=33 (full 0):
 garbage-first heap   total 262144K, used 224013K [0x0000000080000000, 0x0000000100000000)
  region size 1024K, 83 young (84992K), 3 survivors (3072K)
 Metaspace       used 136799K, capacity 141077K, committed 145980K, reserved 1175552K
  class space    used 17441K, capacity 19087K, committed 21144K, reserved 1048576K
}
Event: 3149.067 GC heap after
{Heap after GC invocations=34 (full 0):
 garbage-first heap   total 262144K, used 135516K [0x0000000080000000, 0x0000000100000000)
  region size 1024K, 7 young (7168K), 7 survivors (7168K)
 Metaspace       used 136799K, capacity 141077K, committed 145980K, reserved 1175552K
  class space    used 17441K, capacity 19087K, committed 21144K, reserved 1048576K
}
Event: 3149.126 GC heap before
{Heap before GC invocations=34 (full 0):
 garbage-first heap   total 262144K, used 140636K [0x0000000080000000, 0x0000000100000000)
  region size 1024K, 12 young (12288K), 7 survivors (7168K)
 Metaspace       used 136857K, capacity 141111K, committed 145980K, reserved 1175552K
  class space    used 17444K, capacity 19092K, committed 21144K, reserved 1048576K
}
Event: 3149.139 GC heap after
{Heap after GC invocations=35 (full 0):
 garbage-first heap   total 262144K, used 130258K [0x0000000080000000, 0x0000000100000000)
  region size 1024K, 2 young (2048K), 2 survivors (2048K)
 Metaspace       used 136857K, capacity 141111K, committed 145980K, reserved 1175552K
  class space    used 17444K, capacity 19092K, committed 21144K, reserved 1048576K
}
Event: 3152.671 GC heap before
{Heap before GC invocations=35 (full 0):
 garbage-first heap   total 262144K, used 213201K [0x0000000080000000, 0x0000000100000000)
  region size 1024K, 84 young (86016K), 2 survivors (2048K)
 Metaspace       used 137262K, capacity 141672K, committed 146492K, reserved 1175552K
  class space    used 17472K, capacity 19143K, committed 21144K, reserved 1048576K
}
Event: 3152.680 GC heap after
{Heap after GC invocations=36 (full 0):
 garbage-first heap   total 262144K, used 135112K [0x0000000080000000, 0x0000000100000000)
  region size 1024K, 7 young (7168K), 7 survivors (7168K)
 Metaspace       used 137262K, capacity 141672K, committed 146492K, reserved 1175552K
  class space    used 17472K, capacity 19143K, committed 21144K, reserved 1048576K
}
Event: 3604.225 GC heap before
{Heap before GC invocations=37 (full 0):
 garbage-first heap   total 262144K, used 225224K [0x0000000080000000, 0x0000000100000000)
  region size 1024K, 86 young (88064K), 7 survivors (7168K)
 Metaspace       used 137210K, capacity 141178K, committed 147004K, reserved 1175552K
  class space    used 17268K, capacity 18747K, committed 21144K, reserved 1048576K
}
Event: 3604.236 GC heap after
{Heap after GC invocations=38 (full 0):
 garbage-first heap   total 262144K, used 137617K [0x0000000080000000, 0x0000000100000000)
  region size 1024K, 8 young (8192K), 8 survivors (8192K)
 Metaspace       used 137210K, capacity 141178K, committed 147004K, reserved 1175552K
  class space    used 17268K, capacity 18747K, committed 21144K, reserved 1048576K
}
Event: 3604.272 GC heap before
{Heap before GC invocations=38 (full 0):
 garbage-first heap   total 262144K, used 141713K [0x0000000080000000, 0x0000000100000000)
  region size 1024K, 12 young (12288K), 8 survivors (8192K)
 Metaspace       used 137224K, capacity 141182K, committed 147004K, reserved 1175552K
  class space    used 17268K, capacity 18747K, committed 21144K, reserved 1048576K
}
Event: 3604.287 GC heap after
{Heap after GC invocations=39 (full 0):
 garbage-first heap   total 262144K, used 122398K [0x0000000080000000, 0x0000000100000000)
  region size 1024K, 2 young (2048K), 2 survivors (2048K)
 Metaspace       used 137224K, capacity 141182K, committed 147004K, reserved 1175552K
  class space    used 17268K, capacity 18747K, committed 21144K, reserved 1048576K
}
Event: 3604.409 GC heap before
{Heap before GC invocations=39 (full 0):
 garbage-first heap   total 262144K, used 132638K [0x0000000080000000, 0x0000000100000000)
  region size 1024K, 12 young (12288K), 2 survivors (2048K)
 Metaspace       used 137384K, capacity 141313K, committed 147260K, reserved 1175552K
  class space    used 17273K, capacity 18747K, committed 21144K, reserved 1048576K
}
Event: 3604.424 GC heap after
{Heap after GC invocations=40 (full 0):
 garbage-first heap   total 262144K, used 118586K [0x0000000080000000, 0x0000000100000000)
  region size 1024K, 2 young (2048K), 2 survivors (2048K)
 Metaspace       used 137384K, capacity 141313K, committed 147260K, reserved 1175552K
  class space    used 17273K, capacity 18747K, committed 21144K, reserved 1048576K
}
Event: 3608.934 GC heap before
{Heap before GC invocations=40 (full 0):
 garbage-first heap   total 262144K, used 208698K [0x0000000080000000, 0x0000000100000000)
  region size 1024K, 91 young (93184K), 2 survivors (2048K)
 Metaspace       used 137723K, capacity 141664K, committed 147516K, reserved 1175552K
  class space    used 17275K, capacity 18750K, committed 21144K, reserved 1048576K
}
Event: 3608.952 GC heap after
{Heap after GC invocations=41 (full 0):
 garbage-first heap   total 262144K, used 124574K [0x0000000080000000, 0x0000000100000000)
  region size 1024K, 8 young (8192K), 8 survivors (8192K)
 Metaspace       used 137723K, capacity 141664K, committed 147516K, reserved 1175552K
  class space    used 17275K, capacity 18750K, committed 21144K, reserved 1048576K
}

